<?xml version="1.0" encoding="UTF-8"?>
<!-- Generated by org.testng.reporters.JUnitReportReporter -->
<testsuite hostname="DESKTOP-S4UE6TL" failures="0" tests="2" name="testcases.LoginPageTest" time="4.750" errors="0" timestamp="2022-02-02T01:31:20 CET" skipped="0">
  <testcase classname="testcases.LoginPageTest" name="loginPageTitleTes" time="1.677"/>
  <system-out/>
  <testcase classname="testcases.LoginPageTest" name="loginTest" time="3.073"/>
  <system-out/>
</testsuite> <!-- testcases.LoginPageTest -->
