<?xml version="1.0" encoding="UTF-8"?>
<!-- Generated by org.testng.reporters.JUnitReportReporter -->
<testsuite hostname="DESKTOP-S4UE6TL" failures="0" tests="2" name="com.symphony.testcases.LoginPageTest" time="11.211" errors="0" timestamp="2022-02-01T22:30:42 CET" skipped="0">
  <testcase classname="com.symphony.testcases.LoginPageTest" name="loginPageTitleTes" time="5.760"/>
  <system-out/>
  <testcase classname="com.symphony.testcases.LoginPageTest" name="loginTest" time="5.451"/>
  <system-out/>
</testsuite> <!-- com.symphony.testcases.LoginPageTest -->
